{"/home/msaad/Desktop/heyjobs-test-task/jobData.js": {"path":"/home/msaad/Desktop/heyjobs-test-task/jobData.js","statementMap":{"0":{"start":{"line":5,"column":20},"end":{"line":18,"column":1}}},"fnMap":{},"branchMap":{},"s":{"0":1},"f":{},"b":{},"_coverageSchema":"43e27e138ebf9cfc5966b082cf9a028302ed4184","hash":"fdcb69356577902f7fa95fbd412c18cc7e08b8d9"}
,"/home/msaad/Desktop/heyjobs-test-task/components/JobList/JobList.js": {"path":"/home/msaad/Desktop/heyjobs-test-task/components/JobList/JobList.js","statementMap":{"0":{"start":{"line":18,"column":21},"end":{"line":18,"column":34}},"1":{"start":{"line":20,"column":4},"end":{"line":49,"column":6}},"2":{"start":{"line":25,"column":20},"end":{"line":44,"column":37}},"3":{"start":{"line":27,"column":56},"end":{"line":27,"column":77}},"4":{"start":{"line":56,"column":0},"end":{"line":61,"column":2}}},"fnMap":{"0":{"name":"JobList","decl":{"start":{"line":17,"column":9},"end":{"line":17,"column":16}},"loc":{"start":{"line":17,"column":28},"end":{"line":50,"column":1}},"line":17},"1":{"name":"(anonymous_1)","decl":{"start":{"line":24,"column":25},"end":{"line":24,"column":26}},"loc":{"start":{"line":25,"column":20},"end":{"line":44,"column":37}},"line":25},"2":{"name":"(anonymous_2)","decl":{"start":{"line":27,"column":50},"end":{"line":27,"column":51}},"loc":{"start":{"line":27,"column":56},"end":{"line":27,"column":77}},"line":27}},"branchMap":{},"s":{"0":1,"1":1,"2":2,"3":0,"4":1},"f":{"0":1,"1":2,"2":0},"b":{},"_coverageSchema":"43e27e138ebf9cfc5966b082cf9a028302ed4184","hash":"6f6b51bac357753a99af59770d25e5d602dbd5dd"}
,"/home/msaad/Desktop/heyjobs-test-task/components/JobList/JobList.style.js": {"path":"/home/msaad/Desktop/heyjobs-test-task/components/JobList/JobList.style.js","statementMap":{"0":{"start":{"line":15,"column":27},"end":{"line":18,"column":1}},"1":{"start":{"line":20,"column":22},"end":{"line":24,"column":1}},"2":{"start":{"line":26,"column":20},"end":{"line":29,"column":1}},"3":{"start":{"line":31,"column":24},"end":{"line":34,"column":1}},"4":{"start":{"line":36,"column":28},"end":{"line":39,"column":1}},"5":{"start":{"line":41,"column":28},"end":{"line":44,"column":1}},"6":{"start":{"line":46,"column":39},"end":{"line":49,"column":1}},"7":{"start":{"line":51,"column":23},"end":{"line":54,"column":1}},"8":{"start":{"line":56,"column":39},"end":{"line":59,"column":1}},"9":{"start":{"line":61,"column":26},"end":{"line":64,"column":1}},"10":{"start":{"line":66,"column":35},"end":{"line":69,"column":1}}},"fnMap":{},"branchMap":{},"s":{"0":1,"1":1,"2":1,"3":1,"4":1,"5":1,"6":1,"7":1,"8":1,"9":1,"10":1},"f":{},"b":{},"_coverageSchema":"43e27e138ebf9cfc5966b082cf9a028302ed4184","hash":"604d74fe1d8134beacc1d6f8f6361392f3140af2"}
,"/home/msaad/Desktop/heyjobs-test-task/components/Nav/Nav.js": {"path":"/home/msaad/Desktop/heyjobs-test-task/components/Nav/Nav.js","statementMap":{"0":{"start":{"line":14,"column":18},"end":{"line":14,"column":28}},"1":{"start":{"line":15,"column":30},"end":{"line":17,"column":6}},"2":{"start":{"line":19,"column":25},"end":{"line":25,"column":5}},"3":{"start":{"line":19,"column":41},"end":{"line":25,"column":5}},"4":{"start":{"line":20,"column":8},"end":{"line":22,"column":9}},"5":{"start":{"line":21,"column":12},"end":{"line":21,"column":19}},"6":{"start":{"line":24,"column":8},"end":{"line":24,"column":45}},"7":{"start":{"line":27,"column":21},"end":{"line":45,"column":5}},"8":{"start":{"line":28,"column":8},"end":{"line":44,"column":25}},"9":{"start":{"line":47,"column":4},"end":{"line":71,"column":6}}},"fnMap":{"0":{"name":"Nav","decl":{"start":{"line":13,"column":9},"end":{"line":13,"column":12}},"loc":{"start":{"line":13,"column":16},"end":{"line":72,"column":1}},"line":13},"1":{"name":"(anonymous_1)","decl":{"start":{"line":19,"column":25},"end":{"line":19,"column":26}},"loc":{"start":{"line":19,"column":41},"end":{"line":25,"column":5}},"line":19},"2":{"name":"(anonymous_2)","decl":{"start":{"line":19,"column":41},"end":{"line":19,"column":42}},"loc":{"start":{"line":19,"column":50},"end":{"line":25,"column":5}},"line":19},"3":{"name":"(anonymous_3)","decl":{"start":{"line":27,"column":21},"end":{"line":27,"column":22}},"loc":{"start":{"line":28,"column":8},"end":{"line":44,"column":25}},"line":28}},"branchMap":{"0":{"loc":{"start":{"line":20,"column":8},"end":{"line":22,"column":9}},"type":"if","locations":[{"start":{"line":20,"column":8},"end":{"line":22,"column":9}},{"start":{"line":20,"column":8},"end":{"line":22,"column":9}}],"line":20},"1":{"loc":{"start":{"line":20,"column":12},"end":{"line":20,"column":86}},"type":"binary-expr","locations":[{"start":{"line":20,"column":12},"end":{"line":20,"column":36}},{"start":{"line":20,"column":41},"end":{"line":20,"column":60}},{"start":{"line":20,"column":64},"end":{"line":20,"column":85}}],"line":20}},"s":{"0":3,"1":3,"2":3,"3":12,"4":0,"5":0,"6":0,"7":3,"8":3,"9":3},"f":{"0":3,"1":12,"2":0,"3":3},"b":{"0":[0,0],"1":[0,0,0]},"_coverageSchema":"43e27e138ebf9cfc5966b082cf9a028302ed4184","hash":"4e04805c91366001dcb7db423d79267b42377a15"}
,"/home/msaad/Desktop/heyjobs-test-task/components/Nav/Nav.style.js": {"path":"/home/msaad/Desktop/heyjobs-test-task/components/Nav/Nav.style.js","statementMap":{"0":{"start":{"line":17,"column":26},"end":{"line":19,"column":1}},"1":{"start":{"line":21,"column":30},"end":{"line":23,"column":1}},"2":{"start":{"line":25,"column":27},"end":{"line":28,"column":1}},"3":{"start":{"line":30,"column":22},"end":{"line":33,"column":1}},"4":{"start":{"line":35,"column":23},"end":{"line":38,"column":1}},"5":{"start":{"line":40,"column":26},"end":{"line":44,"column":1}},"6":{"start":{"line":42,"column":29},"end":{"line":42,"column":51}},"7":{"start":{"line":46,"column":24},"end":{"line":49,"column":1}},"8":{"start":{"line":51,"column":26},"end":{"line":55,"column":1}},"9":{"start":{"line":57,"column":20},"end":{"line":60,"column":1}},"10":{"start":{"line":62,"column":24},"end":{"line":65,"column":1}},"11":{"start":{"line":67,"column":28},"end":{"line":70,"column":1}},"12":{"start":{"line":72,"column":28},"end":{"line":75,"column":1}},"13":{"start":{"line":77,"column":22},"end":{"line":80,"column":1}},"14":{"start":{"line":82,"column":23},"end":{"line":85,"column":1}},"15":{"start":{"line":87,"column":24},"end":{"line":90,"column":1}}},"fnMap":{"0":{"name":"(anonymous_0)","decl":{"start":{"line":42,"column":20},"end":{"line":42,"column":21}},"loc":{"start":{"line":42,"column":29},"end":{"line":42,"column":51}},"line":42}},"branchMap":{},"s":{"0":2,"1":2,"2":2,"3":2,"4":2,"5":2,"6":3,"7":2,"8":2,"9":2,"10":2,"11":2,"12":2,"13":2,"14":2,"15":2},"f":{"0":3},"b":{},"_coverageSchema":"43e27e138ebf9cfc5966b082cf9a028302ed4184","hash":"43deff726e7c89cb797806adee8a3509d0c3e85f"}
,"/home/msaad/Desktop/heyjobs-test-task/pages/detail.js": {"path":"/home/msaad/Desktop/heyjobs-test-task/pages/detail.js","statementMap":{"0":{"start":{"line":18,"column":18},"end":{"line":18,"column":28}},"1":{"start":{"line":20,"column":4},"end":{"line":24,"column":5}},"2":{"start":{"line":21,"column":8},"end":{"line":21,"column":37}},"3":{"start":{"line":23,"column":8},"end":{"line":23,"column":37}},"4":{"start":{"line":26,"column":4},"end":{"line":85,"column":6}},"5":{"start":{"line":93,"column":0},"end":{"line":102,"column":2}},"6":{"start":{"line":94,"column":18},"end":{"line":94,"column":34}},"7":{"start":{"line":95,"column":108},"end":{"line":95,"column":118}},"8":{"start":{"line":96,"column":4},"end":{"line":101,"column":6}},"9":{"start":{"line":108,"column":0},"end":{"line":125,"column":2}}},"fnMap":{"0":{"name":"Detail","decl":{"start":{"line":17,"column":9},"end":{"line":17,"column":15}},"loc":{"start":{"line":17,"column":61},"end":{"line":86,"column":1}},"line":17},"1":{"name":"(anonymous_1)","decl":{"start":{"line":93,"column":25},"end":{"line":93,"column":26}},"loc":{"start":{"line":93,"column":46},"end":{"line":102,"column":1}},"line":93}},"branchMap":{"0":{"loc":{"start":{"line":20,"column":4},"end":{"line":24,"column":5}},"type":"if","locations":[{"start":{"line":20,"column":4},"end":{"line":24,"column":5}},{"start":{"line":20,"column":4},"end":{"line":24,"column":5}}],"line":20},"1":{"loc":{"start":{"line":95,"column":12},"end":{"line":95,"column":20}},"type":"default-arg","locations":[{"start":{"line":95,"column":17},"end":{"line":95,"column":20}}],"line":95},"2":{"loc":{"start":{"line":95,"column":22},"end":{"line":95,"column":41}},"type":"default-arg","locations":[{"start":{"line":95,"column":30},"end":{"line":95,"column":41}}],"line":95},"3":{"loc":{"start":{"line":95,"column":43},"end":{"line":95,"column":73}},"type":"default-arg","locations":[{"start":{"line":95,"column":57},"end":{"line":95,"column":73}}],"line":95},"4":{"loc":{"start":{"line":95,"column":75},"end":{"line":95,"column":103}},"type":"default-arg","locations":[{"start":{"line":95,"column":92},"end":{"line":95,"column":103}}],"line":95}},"s":{"0":2,"1":2,"2":1,"3":1,"4":2,"5":1,"6":1,"7":1,"8":1,"9":1},"f":{"0":2,"1":1},"b":{"0":[1,1],"1":[0],"2":[0],"3":[0],"4":[0]},"_coverageSchema":"43e27e138ebf9cfc5966b082cf9a028302ed4184","hash":"0b7bf7927da866d92673ec118ee9f4d80bee14bc"}
,"/home/msaad/Desktop/heyjobs-test-task/pages/detail.style.js": {"path":"/home/msaad/Desktop/heyjobs-test-task/pages/detail.style.js","statementMap":{"0":{"start":{"line":20,"column":20},"end":{"line":27,"column":1}},"1":{"start":{"line":25,"column":33},"end":{"line":25,"column":69}},"2":{"start":{"line":29,"column":27},"end":{"line":34,"column":1}},"3":{"start":{"line":36,"column":26},"end":{"line":39,"column":1}},"4":{"start":{"line":41,"column":25},"end":{"line":48,"column":1}},"5":{"start":{"line":50,"column":27},"end":{"line":53,"column":1}},"6":{"start":{"line":55,"column":22},"end":{"line":59,"column":1}},"7":{"start":{"line":61,"column":25},"end":{"line":64,"column":1}},"8":{"start":{"line":66,"column":23},"end":{"line":69,"column":1}},"9":{"start":{"line":71,"column":26},"end":{"line":74,"column":1}},"10":{"start":{"line":76,"column":20},"end":{"line":79,"column":1}},"11":{"start":{"line":81,"column":25},"end":{"line":84,"column":1}},"12":{"start":{"line":86,"column":28},"end":{"line":89,"column":1}},"13":{"start":{"line":91,"column":29},"end":{"line":94,"column":1}},"14":{"start":{"line":97,"column":39},"end":{"line":100,"column":1}},"15":{"start":{"line":102,"column":26},"end":{"line":105,"column":1}}},"fnMap":{"0":{"name":"(anonymous_0)","decl":{"start":{"line":25,"column":24},"end":{"line":25,"column":25}},"loc":{"start":{"line":25,"column":33},"end":{"line":25,"column":69}},"line":25}},"branchMap":{},"s":{"0":1,"1":2,"2":1,"3":1,"4":1,"5":1,"6":1,"7":1,"8":1,"9":1,"10":1,"11":1,"12":1,"13":1,"14":1,"15":1},"f":{"0":2},"b":{},"_coverageSchema":"43e27e138ebf9cfc5966b082cf9a028302ed4184","hash":"95d4f6dbb4fbedccb3a0cd17f5ec979c6e8d3154"}
,"/home/msaad/Desktop/heyjobs-test-task/pages/index.js": {"path":"/home/msaad/Desktop/heyjobs-test-task/pages/index.js","statementMap":{"0":{"start":{"line":20,"column":18},"end":{"line":20,"column":28}},"1":{"start":{"line":22,"column":4},"end":{"line":50,"column":6}},"2":{"start":{"line":58,"column":0},"end":{"line":71,"column":2}},"3":{"start":{"line":60,"column":25},"end":{"line":60,"column":30}},"4":{"start":{"line":61,"column":4},"end":{"line":61,"column":25}},"5":{"start":{"line":64,"column":21},"end":{"line":64,"column":65}},"6":{"start":{"line":65,"column":17},"end":{"line":65,"column":38}},"7":{"start":{"line":67,"column":4},"end":{"line":70,"column":6}},"8":{"start":{"line":77,"column":0},"end":{"line":86,"column":2}}},"fnMap":{"0":{"name":"Home","decl":{"start":{"line":19,"column":9},"end":{"line":19,"column":13}},"loc":{"start":{"line":19,"column":33},"end":{"line":51,"column":1}},"line":19},"1":{"name":"(anonymous_1)","decl":{"start":{"line":58,"column":23},"end":{"line":58,"column":24}},"loc":{"start":{"line":58,"column":44},"end":{"line":71,"column":1}},"line":58}},"branchMap":{"0":{"loc":{"start":{"line":37,"column":24},"end":{"line":45,"column":25}},"type":"cond-expr","locations":[{"start":{"line":38,"column":28},"end":{"line":40,"column":42}},{"start":{"line":42,"column":28},"end":{"line":44,"column":44}}],"line":37}},"s":{"0":1,"1":1,"2":1,"3":1,"4":1,"5":1,"6":1,"7":1,"8":1},"f":{"0":1,"1":1},"b":{"0":[1,0]},"_coverageSchema":"43e27e138ebf9cfc5966b082cf9a028302ed4184","hash":"04f2a7573011810b5dc13aaccc649c77b78d7ede"}
,"/home/msaad/Desktop/heyjobs-test-task/pages/index.style.js": {"path":"/home/msaad/Desktop/heyjobs-test-task/pages/index.style.js","statementMap":{"0":{"start":{"line":10,"column":29},"end":{"line":12,"column":1}},"1":{"start":{"line":14,"column":20},"end":{"line":21,"column":1}},"2":{"start":{"line":19,"column":33},"end":{"line":19,"column":69}},"3":{"start":{"line":23,"column":25},"end":{"line":26,"column":1}},"4":{"start":{"line":28,"column":26},"end":{"line":31,"column":1}},"5":{"start":{"line":33,"column":27},"end":{"line":36,"column":1}},"6":{"start":{"line":38,"column":23},"end":{"line":41,"column":1}}},"fnMap":{"0":{"name":"(anonymous_0)","decl":{"start":{"line":19,"column":24},"end":{"line":19,"column":25}},"loc":{"start":{"line":19,"column":33},"end":{"line":19,"column":69}},"line":19}},"branchMap":{},"s":{"0":1,"1":1,"2":1,"3":1,"4":1,"5":1,"6":1},"f":{"0":1},"b":{},"_coverageSchema":"43e27e138ebf9cfc5966b082cf9a028302ed4184","hash":"d54bc9a64fd77363fbcc06d89f0eb594cf021134"}
,"/home/msaad/Desktop/heyjobs-test-task/store/util.js": {"path":"/home/msaad/Desktop/heyjobs-test-task/store/util.js","statementMap":{"0":{"start":{"line":10,"column":4},"end":{"line":17,"column":6}},"1":{"start":{"line":11,"column":23},"end":{"line":11,"column":31}},"2":{"start":{"line":12,"column":8},"end":{"line":12,"column":62}},"3":{"start":{"line":13,"column":8},"end":{"line":15,"column":11}},"4":{"start":{"line":14,"column":12},"end":{"line":14,"column":50}},"5":{"start":{"line":16,"column":8},"end":{"line":16,"column":22}},"6":{"start":{"line":27,"column":4},"end":{"line":33,"column":6}},"7":{"start":{"line":28,"column":8},"end":{"line":32,"column":9}},"8":{"start":{"line":29,"column":12},"end":{"line":29,"column":56}},"9":{"start":{"line":31,"column":12},"end":{"line":31,"column":25}}},"fnMap":{"0":{"name":"makeActionCreator","decl":{"start":{"line":9,"column":16},"end":{"line":9,"column":33}},"loc":{"start":{"line":9,"column":53},"end":{"line":18,"column":1}},"line":9},"1":{"name":"(anonymous_1)","decl":{"start":{"line":10,"column":11},"end":{"line":10,"column":12}},"loc":{"start":{"line":10,"column":29},"end":{"line":17,"column":5}},"line":10},"2":{"name":"(anonymous_2)","decl":{"start":{"line":13,"column":25},"end":{"line":13,"column":26}},"loc":{"start":{"line":13,"column":41},"end":{"line":15,"column":9}},"line":13},"3":{"name":"createReducer","decl":{"start":{"line":26,"column":16},"end":{"line":26,"column":29}},"loc":{"start":{"line":26,"column":54},"end":{"line":34,"column":1}},"line":26},"4":{"name":"reducer","decl":{"start":{"line":27,"column":20},"end":{"line":27,"column":27}},"loc":{"start":{"line":27,"column":63},"end":{"line":33,"column":5}},"line":27}},"branchMap":{"0":{"loc":{"start":{"line":12,"column":19},"end":{"line":12,"column":61}},"type":"cond-expr","locations":[{"start":{"line":12,"column":39},"end":{"line":12,"column":50}},{"start":{"line":12,"column":53},"end":{"line":12,"column":61}}],"line":12},"1":{"loc":{"start":{"line":27,"column":28},"end":{"line":27,"column":48}},"type":"default-arg","locations":[{"start":{"line":27,"column":36},"end":{"line":27,"column":48}}],"line":27},"2":{"loc":{"start":{"line":27,"column":50},"end":{"line":27,"column":61}},"type":"default-arg","locations":[{"start":{"line":27,"column":59},"end":{"line":27,"column":61}}],"line":27},"3":{"loc":{"start":{"line":28,"column":8},"end":{"line":32,"column":9}},"type":"if","locations":[{"start":{"line":28,"column":8},"end":{"line":32,"column":9}},{"start":{"line":28,"column":8},"end":{"line":32,"column":9}}],"line":28}},"s":{"0":2,"1":1,"2":1,"3":1,"4":1,"5":1,"6":0,"7":0,"8":0,"9":0},"f":{"0":2,"1":1,"2":1,"3":0,"4":0},"b":{"0":[1,0],"1":[0],"2":[0],"3":[0,0]},"_coverageSchema":"43e27e138ebf9cfc5966b082cf9a028302ed4184","hash":"7646621105582d79d0772631ea3a967b100c2e3e"}
,"/home/msaad/Desktop/heyjobs-test-task/store/home/action.js": {"path":"/home/msaad/Desktop/heyjobs-test-task/store/home/action.js","statementMap":{"0":{"start":{"line":6,"column":23},"end":{"line":6,"column":32}},"1":{"start":{"line":7,"column":25},"end":{"line":7,"column":36}},"2":{"start":{"line":9,"column":22},"end":{"line":9,"column":48}},"3":{"start":{"line":10,"column":24},"end":{"line":10,"column":52}}},"fnMap":{},"branchMap":{},"s":{"0":1,"1":1,"2":1,"3":1},"f":{},"b":{},"_coverageSchema":"43e27e138ebf9cfc5966b082cf9a028302ed4184","hash":"aef31aa22274a60fe7c87ed474db0e22fa9c1bd1"}
}
