TN:
SF:/home/msaad/Desktop/heyjobs-test-task/jobData.js
FNF:0
FNH:0
DA:5,1
LF:1
LH:1
BRF:0
BRH:0
end_of_record
TN:
SF:/home/msaad/Desktop/heyjobs-test-task/components/JobList/JobList.js
FN:17,JobList
FN:24,(anonymous_1)
FN:27,(anonymous_2)
FNF:3
FNH:2
FNDA:1,JobList
FNDA:2,(anonymous_1)
FNDA:0,(anonymous_2)
DA:18,1
DA:20,1
DA:25,2
DA:27,0
DA:56,1
LF:5
LH:4
BRF:0
BRH:0
end_of_record
TN:
SF:/home/msaad/Desktop/heyjobs-test-task/components/JobList/JobList.style.js
FNF:0
FNH:0
DA:15,1
DA:20,1
DA:26,1
DA:31,1
DA:36,1
DA:41,1
DA:46,1
DA:51,1
DA:56,1
DA:61,1
DA:66,1
LF:11
LH:11
BRF:0
BRH:0
end_of_record
TN:
SF:/home/msaad/Desktop/heyjobs-test-task/components/Nav/Nav.js
FN:13,Nav
FN:19,(anonymous_1)
FN:19,(anonymous_2)
FN:27,(anonymous_3)
FNF:4
FNH:3
FNDA:3,Nav
FNDA:12,(anonymous_1)
FNDA:0,(anonymous_2)
FNDA:3,(anonymous_3)
DA:14,3
DA:15,3
DA:19,12
DA:20,0
DA:21,0
DA:24,0
DA:27,3
DA:28,3
DA:47,3
LF:9
LH:6
BRDA:20,0,0,0
BRDA:20,0,1,0
BRDA:20,1,0,0
BRDA:20,1,1,0
BRDA:20,1,2,0
BRF:5
BRH:0
end_of_record
TN:
SF:/home/msaad/Desktop/heyjobs-test-task/components/Nav/Nav.style.js
FN:42,(anonymous_0)
FNF:1
FNH:1
FNDA:3,(anonymous_0)
DA:17,2
DA:21,2
DA:25,2
DA:30,2
DA:35,2
DA:40,2
DA:42,3
DA:46,2
DA:51,2
DA:57,2
DA:62,2
DA:67,2
DA:72,2
DA:77,2
DA:82,2
DA:87,2
LF:16
LH:16
BRF:0
BRH:0
end_of_record
TN:
SF:/home/msaad/Desktop/heyjobs-test-task/pages/detail.js
FN:17,Detail
FN:93,(anonymous_1)
FNF:2
FNH:2
FNDA:2,Detail
FNDA:1,(anonymous_1)
DA:18,2
DA:20,2
DA:21,1
DA:23,1
DA:26,2
DA:93,1
DA:94,1
DA:95,1
DA:96,1
DA:108,1
LF:10
LH:10
BRDA:20,0,0,1
BRDA:20,0,1,1
BRDA:95,1,0,0
BRDA:95,2,0,0
BRDA:95,3,0,0
BRDA:95,4,0,0
BRF:6
BRH:2
end_of_record
TN:
SF:/home/msaad/Desktop/heyjobs-test-task/pages/detail.style.js
FN:25,(anonymous_0)
FNF:1
FNH:1
FNDA:2,(anonymous_0)
DA:20,1
DA:25,2
DA:29,1
DA:36,1
DA:41,1
DA:50,1
DA:55,1
DA:61,1
DA:66,1
DA:71,1
DA:76,1
DA:81,1
DA:86,1
DA:91,1
DA:97,1
DA:102,1
LF:16
LH:16
BRF:0
BRH:0
end_of_record
TN:
SF:/home/msaad/Desktop/heyjobs-test-task/pages/index.js
FN:19,Home
FN:58,(anonymous_1)
FNF:2
FNH:2
FNDA:1,Home
FNDA:1,(anonymous_1)
DA:20,1
DA:22,1
DA:58,1
DA:60,1
DA:61,1
DA:64,1
DA:65,1
DA:67,1
DA:77,1
LF:9
LH:9
BRDA:37,0,0,1
BRDA:37,0,1,0
BRF:2
BRH:1
end_of_record
TN:
SF:/home/msaad/Desktop/heyjobs-test-task/pages/index.style.js
FN:19,(anonymous_0)
FNF:1
FNH:1
FNDA:1,(anonymous_0)
DA:10,1
DA:14,1
DA:19,1
DA:23,1
DA:28,1
DA:33,1
DA:38,1
LF:7
LH:7
BRF:0
BRH:0
end_of_record
TN:
SF:/home/msaad/Desktop/heyjobs-test-task/store/util.js
FN:9,makeActionCreator
FN:10,(anonymous_1)
FN:13,(anonymous_2)
FN:26,createReducer
FN:27,reducer
FNF:5
FNH:3
FNDA:2,makeActionCreator
FNDA:1,(anonymous_1)
FNDA:1,(anonymous_2)
FNDA:0,createReducer
FNDA:0,reducer
DA:10,2
DA:11,1
DA:12,1
DA:13,1
DA:14,1
DA:16,1
DA:27,0
DA:28,0
DA:29,0
DA:31,0
LF:10
LH:6
BRDA:12,0,0,1
BRDA:12,0,1,0
BRDA:27,1,0,0
BRDA:27,2,0,0
BRDA:28,3,0,0
BRDA:28,3,1,0
BRF:6
BRH:1
end_of_record
TN:
SF:/home/msaad/Desktop/heyjobs-test-task/store/home/action.js
FNF:0
FNH:0
DA:6,1
DA:7,1
DA:9,1
DA:10,1
LF:4
LH:4
BRF:0
BRH:0
end_of_record
