TN:
SF:/home/msaad/Desktop/heyjobs-test-task/jobData.js
FNF:0
FNH:0
DA:5,2
LF:1
LH:1
BRF:0
BRH:0
end_of_record
TN:
SF:/home/msaad/Desktop/heyjobs-test-task/components/JobList.js
FN:17,JobList
FN:24,(anonymous_1)
FN:27,(anonymous_2)
FNF:3
FNH:3
FNDA:2,JobList
FNDA:4,(anonymous_1)
FNDA:1,(anonymous_2)
DA:18,2
DA:20,2
DA:25,4
DA:27,1
DA:56,2
LF:5
LH:5
BRF:0
BRH:0
end_of_record
TN:
SF:/home/msaad/Desktop/heyjobs-test-task/components/Nav.js
FN:14,Nav
FN:20,(anonymous_1)
FN:20,(anonymous_2)
FN:28,(anonymous_3)
FNF:4
FNH:4
FNDA:6,Nav
FNDA:24,(anonymous_1)
FNDA:1,(anonymous_2)
FNDA:6,(anonymous_3)
DA:15,6
DA:16,6
DA:20,24
DA:21,1
DA:22,0
DA:25,1
DA:28,6
DA:29,6
DA:48,6
LF:9
LH:8
BRDA:21,0,0,0
BRDA:21,0,1,1
BRDA:21,1,0,1
BRDA:21,1,1,0
BRDA:21,1,2,0
BRF:5
BRH:2
end_of_record
TN:
SF:/home/msaad/Desktop/heyjobs-test-task/pages/detail.js
FN:17,Detail
FN:93,(anonymous_1)
FNF:2
FNH:2
FNDA:2,Detail
FNDA:2,(anonymous_1)
DA:18,2
DA:20,2
DA:21,1
DA:23,1
DA:26,2
DA:93,1
DA:94,2
DA:95,2
DA:96,2
DA:108,1
LF:10
LH:10
BRDA:20,0,0,1
BRDA:20,0,1,1
BRDA:95,1,0,1
BRDA:95,2,0,1
BRDA:95,3,0,1
BRDA:95,4,0,1
BRF:6
BRH:6
end_of_record
TN:
SF:/home/msaad/Desktop/heyjobs-test-task/pages/index.js
FN:19,Home
FN:58,(anonymous_1)
FNF:2
FNH:2
FNDA:2,Home
FNDA:1,(anonymous_1)
DA:20,2
DA:22,2
DA:58,1
DA:60,1
DA:61,1
DA:64,1
DA:65,1
DA:67,1
DA:77,1
LF:9
LH:9
BRDA:37,0,0,1
BRDA:37,0,1,1
BRF:2
BRH:2
end_of_record
TN:
SF:/home/msaad/Desktop/heyjobs-test-task/store/util.js
FN:9,makeActionCreator
FN:10,(anonymous_1)
FN:13,(anonymous_2)
FN:26,createReducer
FN:27,reducer
FNF:5
FNH:5
FNDA:5,makeActionCreator
FNDA:3,(anonymous_1)
FNDA:3,(anonymous_2)
FNDA:1,createReducer
FNDA:1,reducer
DA:10,5
DA:11,3
DA:12,3
DA:13,3
DA:14,3
DA:16,3
DA:27,1
DA:28,1
DA:29,0
DA:31,1
LF:10
LH:9
BRDA:12,0,0,2
BRDA:12,0,1,1
BRDA:27,1,0,0
BRDA:27,2,0,1
BRDA:28,3,0,0
BRDA:28,3,1,1
BRF:6
BRH:4
end_of_record
TN:
SF:/home/msaad/Desktop/heyjobs-test-task/store/home/action.js
FNF:0
FNH:0
DA:6,2
DA:7,2
DA:9,2
DA:10,2
LF:4
LH:4
BRF:0
BRH:0
end_of_record
TN:
SF:/home/msaad/Desktop/heyjobs-test-task/styles/JobList.style.js
FNF:0
FNH:0
DA:15,2
DA:20,2
DA:26,2
DA:31,2
DA:36,2
DA:41,2
DA:46,2
DA:51,2
DA:56,2
DA:61,2
DA:66,2
LF:11
LH:11
BRF:0
BRH:0
end_of_record
TN:
SF:/home/msaad/Desktop/heyjobs-test-task/styles/Nav.style.js
FN:42,(anonymous_0)
FNF:1
FNH:1
FNDA:6,(anonymous_0)
DA:17,3
DA:21,3
DA:25,3
DA:30,3
DA:35,3
DA:40,3
DA:42,6
DA:46,3
DA:51,3
DA:57,3
DA:62,3
DA:67,3
DA:72,3
DA:77,3
DA:82,3
DA:87,3
LF:16
LH:16
BRF:0
BRH:0
end_of_record
TN:
SF:/home/msaad/Desktop/heyjobs-test-task/styles/detail.style.js
FN:25,(anonymous_0)
FNF:1
FNH:1
FNDA:2,(anonymous_0)
DA:20,1
DA:25,2
DA:29,1
DA:36,1
DA:41,1
DA:50,1
DA:55,1
DA:61,1
DA:66,1
DA:71,1
DA:76,1
DA:81,1
DA:86,1
DA:91,1
DA:97,1
DA:102,1
LF:16
LH:16
BRF:0
BRH:0
end_of_record
TN:
SF:/home/msaad/Desktop/heyjobs-test-task/styles/index.style.js
FN:19,(anonymous_0)
FNF:1
FNH:1
FNDA:2,(anonymous_0)
DA:10,1
DA:14,1
DA:19,2
DA:23,1
DA:28,1
DA:33,1
DA:38,1
LF:7
LH:7
BRF:0
BRH:0
end_of_record
